TN:
SF:src/app/controllers/CustomerController.js
FN:1,Object.<anonymous>
FN:3,_interopRequireDefault
FN:14,CustomerController
FN:17,index
FN:28,find
FN:36,store
FN:49,update
FN:86,delete
FNF:8
FNH:6
FNDA:1,Object.<anonymous>
FNDA:2,_interopRequireDefault
FNDA:1,CustomerController
FNDA:2,index
FNDA:0,find
FNDA:15,store
FNDA:8,update
FNDA:0,delete
DA:1,1
DA:2,1
DA:3,1
DA:4,2
DA:5,2
DA:6,2
DA:7,1
DA:8,1
DA:9,1
DA:10,1
DA:11,1
DA:12,1
DA:13,1
DA:14,1
DA:15,1
DA:16,1
DA:17,1
DA:18,2
DA:19,2
DA:20,2
DA:21,2
DA:22,2
DA:23,2
DA:24,2
DA:25,2
DA:26,1
DA:27,1
DA:28,1
DA:29,0
DA:30,0
DA:31,0
DA:32,0
DA:33,0
DA:34,0
DA:35,0
DA:36,1
DA:37,15
DA:38,15
DA:39,15
DA:40,15
DA:41,15
DA:42,15
DA:43,0
DA:44,0
DA:45,15
DA:46,5
DA:47,5
DA:48,15
DA:49,1
DA:50,8
DA:51,8
DA:52,8
DA:53,8
DA:54,8
DA:55,0
DA:56,0
DA:57,8
DA:58,2
DA:59,2
DA:60,8
DA:61,8
DA:62,2
DA:63,2
DA:64,2
DA:65,2
DA:66,2
DA:67,2
DA:68,2
DA:69,2
DA:70,2
DA:71,8
DA:72,8
DA:73,0
DA:74,8
DA:75,2
DA:76,2
DA:77,2
DA:78,2
DA:79,2
DA:80,2
DA:81,2
DA:82,2
DA:83,8
DA:84,1
DA:85,1
DA:86,1
LF:86
LH:74
BRDA:1,0,0,1
BRDA:1,1,0,1
BRDA:3,2,0,2
BRDA:6,3,0,0
BRDA:14,4,0,1
BRDA:17,5,0,2
BRDA:25,6,0,1
BRDA:28,7,0,0
BRDA:28,8,0,0
BRDA:36,9,0,15
BRDA:42,10,0,5
BRDA:42,11,0,0
BRDA:45,12,0,5
BRDA:48,13,0,4
BRDA:49,14,0,0
BRDA:49,15,0,8
BRDA:53,16,0,2
BRDA:54,17,0,0
BRDA:57,18,0,2
BRDA:60,19,0,0
BRDA:61,20,0,2
BRDA:71,21,0,0
BRDA:72,22,0,0
BRDA:74,23,0,2
BRDA:83,24,0,0
BRDA:86,25,0,0
BRF:26
BRH:15
end_of_record
TN:
SF:src/app/controllers/CustomerFavoriteProductsController.js
FN:1,Object.<anonymous>
FN:1,_interopRequireDefault
FN:11,CustomerFavoriteProductController
FN:11,store
FN:24,delete
FNF:5
FNH:3
FNDA:1,Object.<anonymous>
FNDA:1,_interopRequireDefault
FNDA:1,CustomerFavoriteProductController
FNDA:0,store
FNDA:0,delete
DA:1,1
DA:2,1
DA:3,1
DA:4,1
DA:5,1
DA:6,1
DA:7,1
DA:8,1
DA:9,1
DA:10,1
DA:11,1
DA:12,0
DA:13,0
DA:14,0
DA:15,0
DA:16,0
DA:17,0
DA:18,0
DA:19,0
DA:20,0
DA:21,0
DA:22,0
DA:23,0
DA:24,1
DA:25,0
DA:26,0
DA:27,0
DA:28,0
LF:28
LH:12
BRDA:1,0,0,1
BRDA:1,1,0,1
BRDA:1,2,0,1
BRDA:4,3,0,0
BRDA:11,4,0,1
BRDA:11,5,0,0
BRDA:24,6,0,0
BRF:7
BRH:4
end_of_record
TN:
SF:src/app/controllers/SessionController.js
FN:1,Object.<anonymous>
FN:5,_interopRequireDefault
FN:23,SesssionController
FN:25,store
FNF:4
FNH:4
FNDA:1,Object.<anonymous>
FNDA:4,_interopRequireDefault
FNDA:1,SesssionController
FNDA:18,store
DA:1,1
DA:2,1
DA:3,1
DA:4,1
DA:5,4
DA:6,4
DA:7,1
DA:8,1
DA:9,1
DA:10,1
DA:11,1
DA:12,1
DA:13,1
DA:14,1
DA:15,1
DA:16,1
DA:17,1
DA:18,1
DA:19,1
DA:20,1
DA:21,1
DA:22,1
DA:23,1
DA:24,1
DA:25,1
DA:26,18
DA:27,18
DA:28,18
DA:29,18
DA:30,18
DA:31,18
DA:32,0
DA:33,0
DA:34,0
DA:35,0
DA:36,0
DA:37,18
LF:37
LH:32
BRDA:1,0,0,1
BRDA:1,1,0,1
BRDA:5,2,0,4
BRDA:7,3,0,3
BRDA:7,4,0,1
BRDA:23,5,0,1
BRDA:25,6,0,18
BRDA:30,7,0,6
BRDA:31,8,0,0
BRDA:37,9,0,6
BRF:10
BRH:9
end_of_record
TN:
SF:src/app/controllers/UserController.js
FN:1,Object.<anonymous>
FN:3,_interopRequireDefault
FN:13,UserController
FN:13,store
FNF:4
FNH:4
FNDA:1,Object.<anonymous>
FNDA:2,_interopRequireDefault
FNDA:1,UserController
FNDA:18,store
DA:1,1
DA:2,1
DA:3,1
DA:4,2
DA:5,2
DA:6,2
DA:7,1
DA:8,1
DA:9,1
DA:10,1
DA:11,1
DA:12,1
DA:13,1
DA:14,18
DA:15,18
DA:16,18
DA:17,18
DA:18,18
DA:19,18
DA:20,18
DA:21,18
DA:22,18
DA:23,18
DA:24,18
LF:24
LH:24
BRDA:1,0,0,1
BRDA:1,1,0,1
BRDA:3,2,0,2
BRDA:7,3,0,0
BRDA:13,4,0,1
BRDA:13,5,0,18
BRDA:24,6,0,6
BRF:7
BRH:6
end_of_record
TN:
SF:src/app/middlewares/auth.js
FN:1,Object.<anonymous>
FN:5,_interopRequireDefault
FN:17,Object.<anonymous>.exports.default
FNF:3
FNH:3
FNDA:1,Object.<anonymous>
FNDA:2,_interopRequireDefault
FNDA:19,Object.<anonymous>.exports.default
DA:1,1
DA:2,1
DA:3,1
DA:4,1
DA:5,1
DA:6,2
DA:7,2
DA:8,1
DA:9,1
DA:10,1
DA:11,1
DA:12,1
DA:13,1
DA:14,1
DA:15,1
DA:16,1
DA:17,1
DA:18,19
DA:19,19
DA:20,19
DA:21,1
DA:22,1
DA:23,9
LF:23
LH:23
BRDA:1,0,0,1
BRDA:1,1,0,1
BRDA:5,2,0,2
BRDA:7,3,0,1
BRDA:7,4,0,1
BRDA:17,5,0,19
BRDA:20,6,0,1
BRDA:23,7,0,9
BRF:8
BRH:8
end_of_record
TN:
SF:src/app/middlewares/error.js
FN:1,Object.<anonymous>
FN:2,Object.<anonymous>.exports.default
FNF:2
FNH:2
FNDA:1,Object.<anonymous>
FNDA:1,Object.<anonymous>.exports.default
DA:1,1
DA:2,1
DA:3,1
DA:4,0
DA:5,1
DA:6,1
LF:6
LH:5
BRDA:1,0,0,1
BRDA:1,1,0,1
BRDA:2,2,0,1
BRDA:3,3,0,0
BRF:4
BRH:3
end_of_record
TN:
SF:src/app/models/Customer.js
FN:1,Object.<anonymous>
FN:3,_interopRequireDefault
FNF:2
FNH:2
FNDA:1,Object.<anonymous>
FNDA:1,_interopRequireDefault
DA:1,1
DA:2,1
DA:3,1
DA:4,1
DA:5,1
DA:6,1
DA:7,1
DA:8,1
DA:9,1
DA:10,1
DA:11,1
DA:12,1
DA:13,1
DA:14,1
DA:15,1
DA:16,1
DA:17,1
DA:18,1
DA:19,1
DA:20,1
DA:21,1
DA:22,1
DA:23,1
LF:23
LH:23
BRDA:1,0,0,1
BRDA:1,1,0,1
BRDA:3,2,0,1
BRDA:8,3,0,0
BRF:4
BRH:3
end_of_record
TN:
SF:src/app/models/Product.js
FN:1,Object.<anonymous>
FNF:1
FNH:1
FNDA:1,Object.<anonymous>
DA:1,1
DA:2,1
DA:3,1
DA:4,1
DA:5,1
DA:6,1
DA:7,1
DA:8,1
DA:9,1
DA:10,1
DA:11,1
DA:12,1
DA:13,1
DA:14,1
DA:15,1
DA:16,1
DA:17,1
DA:18,1
DA:19,1
DA:20,1
DA:21,1
DA:22,1
DA:23,1
DA:24,1
DA:25,1
DA:26,1
DA:27,1
DA:28,1
LF:28
LH:28
BRDA:1,0,0,1
BRDA:1,1,0,1
BRF:2
BRH:2
end_of_record
TN:
SF:src/app/models/User.js
FN:1,Object.<anonymous>
FN:5,_interopRequireDefault
FN:28,checkPassword
FNF:3
FNH:3
FNDA:1,Object.<anonymous>
FNDA:1,_interopRequireDefault
FNDA:6,checkPassword
DA:1,1
DA:2,1
DA:3,1
DA:4,1
DA:5,1
DA:6,1
DA:7,1
DA:8,1
DA:9,1
DA:10,1
DA:11,1
DA:12,1
DA:13,1
DA:14,1
DA:15,1
DA:16,1
DA:17,1
DA:18,1
DA:19,1
DA:20,1
DA:21,1
DA:22,1
DA:23,1
DA:24,1
DA:25,1
DA:26,1
DA:27,1
DA:28,1
DA:29,6
DA:30,6
DA:31,6
DA:32,6
LF:32
LH:32
BRDA:1,0,0,1
BRDA:1,1,0,1
BRDA:5,2,0,1
BRDA:8,3,0,0
BRDA:28,4,0,6
BRF:5
BRH:4
end_of_record
TN:
SF:src/app/services/CustomerFavoriteProductsService.js
FN:1,Object.<anonymous>
FN:4,_interopRequireDefault
FN:24,CustomerFavoriteProductsService
FN:25,add
FN:39,remove
FN:49,validateCustomer
FN:57,findProduct
FNF:7
FNH:3
FNDA:1,Object.<anonymous>
FNDA:5,_interopRequireDefault
FNDA:1,CustomerFavoriteProductsService
FNDA:0,add
FNDA:0,remove
FNDA:0,validateCustomer
FNDA:0,findProduct
DA:1,1
DA:2,1
DA:3,1
DA:4,1
DA:5,5
DA:6,1
DA:7,1
DA:8,1
DA:9,1
DA:10,1
DA:11,1
DA:12,1
DA:13,1
DA:14,1
DA:15,1
DA:16,1
DA:17,1
DA:18,1
DA:19,1
DA:20,1
DA:21,1
DA:22,1
DA:23,1
DA:24,1
DA:25,1
DA:26,0
DA:27,0
DA:28,0
DA:29,0
DA:30,0
DA:31,0
DA:32,0
DA:33,0
DA:34,0
DA:35,0
DA:36,0
DA:37,0
DA:38,0
DA:39,1
DA:40,0
DA:41,0
DA:42,0
DA:43,0
DA:44,0
DA:45,0
DA:46,0
DA:47,0
DA:48,0
DA:49,1
DA:50,0
DA:51,0
DA:52,0
DA:53,0
DA:54,0
DA:55,0
DA:56,0
DA:57,1
DA:58,0
DA:59,0
DA:60,0
DA:61,0
DA:62,0
DA:63,0
DA:64,0
DA:65,0
DA:66,0
DA:67,0
DA:68,0
LF:68
LH:28
BRDA:1,0,0,1
BRDA:1,1,0,1
BRDA:4,2,0,5
BRDA:5,3,0,4
BRDA:5,4,0,1
BRDA:24,5,0,1
BRF:6
BRH:6
end_of_record
TN:
SF:src/app/validators/CustomerFavoriteProductValidator.js
FN:1,Object.<anonymous>
FN:4,_interopRequireWildcard
FN:15,CustomerValidator
FN:16,store
FN:31,delete
FNF:5
FNH:3
FNDA:1,Object.<anonymous>
FNDA:1,_interopRequireWildcard
FNDA:1,CustomerValidator
FNDA:0,store
FNDA:0,delete
DA:1,1
DA:2,1
DA:3,1
DA:4,1
DA:5,1
DA:6,1
DA:7,1
DA:8,0
DA:9,1
DA:10,1
DA:11,1
DA:12,1
DA:13,1
DA:14,1
DA:15,1
DA:16,1
DA:17,0
DA:18,0
DA:19,0
DA:20,0
DA:21,0
DA:22,0
DA:23,0
DA:24,0
DA:25,0
DA:26,0
DA:27,0
DA:28,0
DA:29,0
DA:30,0
DA:31,1
DA:32,0
DA:33,0
DA:34,0
DA:35,0
DA:36,0
LF:36
LH:16
BRDA:1,0,0,1
BRDA:1,1,0,1
BRDA:4,2,0,1
BRDA:7,3,0,0
BRDA:15,4,0,1
BRDA:16,5,0,0
BRDA:31,6,0,0
BRF:7
BRH:4
end_of_record
TN:
SF:src/app/validators/CustomerValidator.js
FN:1,Object.<anonymous>
FN:4,_interopRequireWildcard
FN:17,CustomerValidator
FN:19,index
FN:30,store
FN:44,update
FN:67,delete
FNF:7
FNH:6
FNDA:1,Object.<anonymous>
FNDA:1,_interopRequireWildcard
FNDA:1,CustomerValidator
FNDA:2,index
FNDA:10,store
FNDA:4,update
FNDA:0,delete
DA:1,1
DA:2,1
DA:3,1
DA:4,1
DA:5,1
DA:6,1
DA:7,1
DA:8,0
DA:9,0
DA:10,0
DA:11,0
DA:12,0
DA:13,1
DA:14,1
DA:15,1
DA:16,1
DA:17,1
DA:18,1
DA:19,1
DA:20,2
DA:21,2
DA:22,2
DA:23,2
DA:24,2
DA:25,2
DA:26,2
DA:27,1
DA:28,2
DA:29,0
DA:30,1
DA:31,10
DA:32,10
DA:33,10
DA:34,10
DA:35,10
DA:36,10
DA:37,10
DA:38,10
DA:39,10
DA:40,5
DA:41,5
DA:42,10
DA:43,0
DA:44,1
DA:45,4
DA:46,4
DA:47,4
DA:48,4
DA:49,4
DA:50,4
DA:51,4
DA:52,4
DA:53,4
DA:54,4
DA:55,4
DA:56,4
DA:57,4
DA:58,4
DA:59,2
DA:60,2
DA:61,4
DA:62,0
DA:63,4
DA:64,1
DA:65,1
DA:66,1
DA:67,1
LF:67
LH:59
BRDA:1,0,0,1
BRDA:1,1,0,1
BRDA:4,2,0,1
BRDA:7,3,0,0
BRDA:17,4,0,1
BRDA:19,5,0,2
BRDA:26,6,0,1
BRDA:28,7,0,0
BRDA:30,8,0,1
BRDA:30,9,0,10
BRDA:39,10,0,5
BRDA:42,11,0,0
BRDA:44,12,0,5
BRDA:44,13,0,4
BRDA:58,14,0,2
BRDA:61,15,0,0
BRDA:63,16,0,2
BRDA:67,17,0,0
BRF:18
BRH:13
end_of_record
TN:
SF:src/app/validators/SessionValidator.js
FN:1,Object.<anonymous>
FN:4,_interopRequireWildcard
FN:15,SessionValidator
FN:15,store
FNF:4
FNH:4
FNDA:1,Object.<anonymous>
FNDA:1,_interopRequireWildcard
FNDA:1,SessionValidator
FNDA:12,store
DA:1,1
DA:2,1
DA:3,1
DA:4,1
DA:5,1
DA:6,1
DA:7,1
DA:8,0
DA:9,0
DA:10,0
DA:11,0
DA:12,0
DA:13,1
DA:14,1
DA:15,1
DA:16,12
DA:17,12
DA:18,12
DA:19,12
DA:20,12
LF:20
LH:15
BRDA:1,0,0,1
BRDA:1,1,0,1
BRDA:4,2,0,1
BRDA:7,3,0,0
BRDA:15,4,0,1
BRDA:15,5,0,12
BRF:6
BRH:5
end_of_record
TN:
SF:src/app/validators/UserValidator.js
FN:1,Object.<anonymous>
FN:4,_interopRequireWildcard
FN:15,UserValidator
FN:15,store
FNF:4
FNH:4
FNDA:1,Object.<anonymous>
FNDA:1,_interopRequireWildcard
FNDA:1,UserValidator
FNDA:12,store
DA:1,1
DA:2,1
DA:3,1
DA:4,1
DA:5,1
DA:6,1
DA:7,1
DA:8,0
DA:9,0
DA:10,0
DA:11,0
DA:12,0
DA:13,1
DA:14,1
DA:15,1
DA:16,12
DA:17,12
DA:18,12
DA:19,12
DA:20,12
LF:20
LH:15
BRDA:1,0,0,1
BRDA:1,1,0,1
BRDA:4,2,0,1
BRDA:7,3,0,0
BRDA:15,4,0,1
BRDA:15,5,0,12
BRF:6
BRH:5
end_of_record
