TN:
SF:src/app/controllers/CustomerController.js
FN:1,Object.<anonymous>
FN:3,_interopRequireDefault
FN:12,CustomerController
FN:13,index
FN:19,find
FN:26,store
FN:34,update
FNF:7
FNH:7
FNDA:1,Object.<anonymous>
FNDA:1,_interopRequireDefault
FNDA:1,CustomerController
FNDA:4,index
FNDA:2,find
FNDA:18,store
FNDA:6,update
DA:1,1
DA:2,1
DA:3,1
DA:4,1
DA:5,1
DA:6,1
DA:7,1
DA:8,1
DA:9,1
DA:10,1
DA:11,1
DA:12,1
DA:13,1
DA:14,4
DA:15,4
DA:16,4
DA:17,4
DA:18,4
DA:19,1
DA:20,2
DA:21,2
DA:22,2
DA:23,1
DA:24,1
DA:25,2
DA:26,1
DA:27,18
DA:28,18
DA:29,18
DA:30,18
DA:31,18
DA:32,8
DA:33,8
DA:34,1
DA:35,6
DA:36,6
DA:37,6
DA:38,6
DA:39,6
DA:40,6
LF:40
LH:40
BRDA:1,0,0,1
BRDA:1,1,0,1
BRDA:3,2,0,1
BRDA:5,3,0,0
BRDA:12,4,0,1
BRDA:13,5,0,4
BRDA:18,6,0,2
BRDA:19,7,0,0
BRDA:19,8,0,2
BRDA:22,9,0,1
BRDA:25,10,0,0
BRDA:26,11,0,18
BRDA:31,12,0,8
BRDA:34,13,0,0
BRDA:34,14,0,6
BRF:15
BRH:11
end_of_record
TN:
SF:src/app/controllers/CustomerFavoriteProductsController.js
FN:1,Object.<anonymous>
FN:1,_interopRequireDefault
FN:11,CustomerFavoriteProductController
FN:11,store
FN:24,delete
FNF:5
FNH:3
FNDA:1,Object.<anonymous>
FNDA:1,_interopRequireDefault
FNDA:1,CustomerFavoriteProductController
FNDA:0,store
FNDA:0,delete
DA:1,1
DA:2,1
DA:3,1
DA:4,1
DA:5,1
DA:6,1
DA:7,1
DA:8,1
DA:9,1
DA:10,1
DA:11,1
DA:12,0
DA:13,0
DA:14,0
DA:15,0
DA:16,0
DA:17,0
DA:18,0
DA:19,0
DA:20,0
DA:21,0
DA:22,0
DA:23,0
DA:24,1
DA:25,0
DA:26,0
DA:27,0
DA:28,0
LF:28
LH:12
BRDA:1,0,0,1
BRDA:1,1,0,1
BRDA:1,2,0,1
BRDA:4,3,0,0
BRDA:11,4,0,1
BRDA:11,5,0,0
BRDA:24,6,0,0
BRF:7
BRH:4
end_of_record
TN:
SF:src/app/controllers/SessionController.js
FN:1,Object.<anonymous>
FN:3,_interopRequireDefault
FN:10,SesssionController
FN:10,store
FNF:4
FNH:4
FNDA:1,Object.<anonymous>
FNDA:1,_interopRequireDefault
FNDA:1,SesssionController
FNDA:20,store
DA:1,1
DA:2,1
DA:3,1
DA:4,1
DA:5,1
DA:6,1
DA:7,1
DA:8,1
DA:9,1
DA:10,1
DA:11,20
DA:12,20
DA:13,20
DA:14,20
LF:14
LH:14
BRDA:1,0,0,1
BRDA:1,1,0,1
BRDA:3,2,0,1
BRDA:5,3,0,0
BRDA:10,4,0,1
BRDA:10,5,0,20
BRF:6
BRH:5
end_of_record
TN:
SF:src/app/controllers/UserController.js
FN:1,Object.<anonymous>
FN:4,_interopRequireDefault
FN:9,UserController
FN:13,store
FNF:4
FNH:4
FNDA:1,Object.<anonymous>
FNDA:1,_interopRequireDefault
FNDA:1,UserController
FNDA:20,store
DA:1,1
DA:2,1
DA:3,1
DA:4,1
DA:5,1
DA:6,1
DA:7,1
DA:8,1
DA:9,1
DA:10,1
DA:11,1
DA:12,1
DA:13,1
LF:13
LH:13
BRDA:1,0,0,1
BRDA:1,1,0,1
BRDA:4,2,0,1
BRDA:5,3,0,0
BRDA:9,4,0,1
BRDA:13,5,0,20
BRF:6
BRH:5
end_of_record
TN:
SF:src/app/middlewares/auth.js
FN:1,Object.<anonymous>
FN:2,_interopRequireDefault
FN:15,Object.<anonymous>.exports.default
FNF:3
FNH:3
FNDA:1,Object.<anonymous>
FNDA:2,_interopRequireDefault
FNDA:35,Object.<anonymous>.exports.default
DA:1,1
DA:2,1
DA:3,2
DA:4,2
DA:5,2
DA:6,1
DA:7,1
DA:8,1
DA:9,1
DA:10,1
DA:11,1
DA:12,1
DA:13,1
DA:14,1
DA:15,1
DA:16,35
DA:17,35
DA:18,35
DA:19,1
DA:20,1
DA:21,17
LF:21
LH:21
BRDA:1,0,0,1
BRDA:1,1,0,1
BRDA:2,2,0,2
BRDA:5,3,0,1
BRDA:5,4,0,1
BRDA:15,5,0,35
BRDA:18,6,0,1
BRDA:21,7,0,17
BRF:8
BRH:8
end_of_record
TN:
SF:src/app/middlewares/error.js
FN:1,Object.<anonymous>
FN:3,_interopRequireDefault
FN:7,Object.<anonymous>.exports.default
FNF:3
FNH:3
FNDA:1,Object.<anonymous>
FNDA:1,_interopRequireDefault
FNDA:3,Object.<anonymous>.exports.default
DA:1,1
DA:2,1
DA:3,1
DA:4,1
DA:5,1
DA:6,1
DA:7,3
DA:8,3
DA:9,3
DA:10,3
DA:11,0
DA:12,0
DA:13,0
LF:13
LH:10
BRDA:1,0,0,1
BRDA:1,1,0,1
BRDA:3,2,0,1
BRDA:5,3,0,0
BRDA:7,4,0,3
BRDA:10,5,0,0
BRF:6
BRH:4
end_of_record
TN:
SF:src/app/models/Customer.js
FN:1,Object.<anonymous>
FN:2,_interopRequireDefault
FNF:2
FNH:2
FNDA:1,Object.<anonymous>
FNDA:1,_interopRequireDefault
DA:1,1
DA:2,1
DA:3,1
DA:4,1
DA:5,1
DA:6,1
DA:7,1
DA:8,1
DA:9,1
DA:10,1
DA:11,1
DA:12,1
DA:13,1
DA:14,1
DA:15,1
DA:16,1
DA:17,1
DA:18,1
DA:19,1
DA:20,1
DA:21,1
DA:22,1
DA:23,1
LF:23
LH:23
BRDA:1,0,0,1
BRDA:1,1,0,1
BRDA:2,2,0,1
BRDA:7,3,0,0
BRF:4
BRH:3
end_of_record
TN:
SF:src/app/models/Product.js
FN:1,Object.<anonymous>
FNF:1
FNH:1
FNDA:1,Object.<anonymous>
DA:1,1
DA:2,1
DA:3,1
DA:4,1
DA:5,1
DA:6,1
DA:7,1
DA:8,1
DA:9,1
DA:10,1
DA:11,1
DA:12,1
DA:13,1
DA:14,1
DA:15,1
DA:16,1
DA:17,1
DA:18,1
DA:19,1
DA:20,1
DA:21,1
DA:22,1
DA:23,1
DA:24,1
DA:25,1
DA:26,1
DA:27,1
DA:28,1
LF:28
LH:28
BRDA:1,0,0,1
BRDA:1,1,0,1
BRF:2
BRH:2
end_of_record
TN:
SF:src/app/models/User.js
FN:1,Object.<anonymous>
FN:4,_interopRequireDefault
FN:27,checkPassword
FNF:3
FNH:3
FNDA:1,Object.<anonymous>
FNDA:1,_interopRequireDefault
FNDA:10,checkPassword
DA:1,1
DA:2,1
DA:3,1
DA:4,1
DA:5,1
DA:6,1
DA:7,1
DA:8,1
DA:9,1
DA:10,1
DA:11,1
DA:12,1
DA:13,1
DA:14,1
DA:15,1
DA:16,1
DA:17,1
DA:18,1
DA:19,1
DA:20,1
DA:21,1
DA:22,1
DA:23,1
DA:24,1
DA:25,1
DA:26,1
DA:27,1
DA:28,10
DA:29,10
DA:30,10
DA:31,10
LF:31
LH:31
BRDA:1,0,0,1
BRDA:1,1,0,1
BRDA:4,2,0,1
BRDA:7,3,0,0
BRDA:27,4,0,10
BRF:5
BRH:4
end_of_record
TN:
SF:src/app/services/CustomerFavoriteProductsService.js
FN:1,Object.<anonymous>
FN:3,_interopRequireDefault
FN:24,CustomerFavoriteProductsService
FN:25,add
FN:39,remove
FN:49,validateCustomer
FN:58,findProduct
FNF:7
FNH:6
FNDA:1,Object.<anonymous>
FNDA:5,_interopRequireDefault
FNDA:1,CustomerFavoriteProductsService
FNDA:9,add
FNDA:2,remove
FNDA:8,validateCustomer
FNDA:0,findProduct
DA:1,1
DA:2,1
DA:3,1
DA:4,5
DA:5,1
DA:6,1
DA:7,1
DA:8,1
DA:9,1
DA:10,1
DA:11,1
DA:12,1
DA:13,1
DA:14,1
DA:15,1
DA:16,1
DA:17,1
DA:18,1
DA:19,1
DA:20,1
DA:21,1
DA:22,1
DA:23,1
DA:24,1
DA:25,1
DA:26,9
DA:27,9
DA:28,9
DA:29,3
DA:30,3
DA:31,3
DA:32,3
DA:33,3
DA:34,3
DA:35,3
DA:36,3
DA:37,3
DA:38,3
DA:39,1
DA:40,2
DA:41,2
DA:42,2
DA:43,2
DA:44,2
DA:45,1
DA:46,1
DA:47,1
DA:48,1
DA:49,1
DA:50,8
DA:51,8
DA:52,8
DA:53,8
DA:54,0
DA:55,0
DA:56,0
DA:57,1
DA:58,1
DA:59,0
DA:60,0
DA:61,0
DA:62,0
DA:63,0
DA:64,0
DA:65,0
DA:66,0
DA:67,0
DA:68,0
DA:69,0
DA:70,0
DA:71,0
DA:72,0
LF:72
LH:55
BRDA:1,0,0,1
BRDA:1,1,0,1
BRDA:3,2,0,5
BRDA:4,3,0,4
BRDA:5,4,0,1
BRDA:24,5,0,1
BRDA:25,6,0,9
BRDA:28,7,0,3
BRDA:39,8,0,0
BRDA:39,9,0,2
BRDA:44,10,0,1
BRDA:49,11,0,0
BRDA:49,12,0,8
BRDA:53,13,0,4
BRDA:53,14,0,0
BRDA:57,15,0,4
BRF:16
BRH:13
end_of_record
TN:
SF:src/app/services/CustomerService.js
FN:1,Object.<anonymous>
FN:3,_interopRequireDefault
FN:19,CustomerService
FN:20,findByPage
FN:48,findById
FN:58,create
FN:67,update
FNF:7
FNH:7
FNDA:1,Object.<anonymous>
FNDA:4,_interopRequireDefault
FNDA:1,CustomerService
FNDA:6,findByPage
FNDA:2,findById
FNDA:18,create
FNDA:8,update
DA:1,1
DA:2,1
DA:3,4
DA:4,4
DA:5,0
DA:6,1
DA:7,1
DA:8,1
DA:9,1
DA:10,1
DA:11,1
DA:12,1
DA:13,1
DA:14,1
DA:15,1
DA:16,1
DA:17,1
DA:18,1
DA:19,1
DA:20,1
DA:21,6
DA:22,6
DA:23,6
DA:24,6
DA:25,6
DA:26,6
DA:27,6
DA:28,6
DA:29,1
DA:30,1
DA:31,1
DA:32,1
DA:33,1
DA:34,1
DA:35,1
DA:36,1
DA:37,1
DA:38,1
DA:39,1
DA:40,1
DA:41,1
DA:42,1
DA:43,1
DA:44,1
DA:45,1
DA:46,1
DA:47,1
DA:48,1
DA:49,2
DA:50,2
DA:51,2
DA:52,2
DA:53,2
DA:54,2
DA:55,0
DA:56,0
DA:57,2
DA:58,1
DA:59,18
DA:60,18
DA:61,18
DA:62,9
DA:63,18
DA:64,18
DA:65,8
DA:66,8
DA:67,1
DA:68,8
DA:69,8
DA:70,8
DA:71,8
DA:72,8
DA:73,8
DA:74,8
DA:75,1
DA:76,1
DA:77,1
DA:78,1
DA:79,1
DA:80,8
DA:81,2
DA:82,2
DA:83,8
DA:84,1
DA:85,1
DA:86,8
DA:87,1
DA:88,1
DA:89,1
DA:90,1
DA:91,1
DA:92,1
LF:92
LH:89
BRDA:1,0,0,1
BRDA:1,1,0,1
BRDA:3,2,0,4
BRDA:4,3,0,0
BRDA:19,4,0,1
BRDA:20,5,0,6
BRDA:26,6,0,2
BRDA:27,7,0,1
BRDA:28,8,0,1
BRDA:48,9,0,0
BRDA:48,10,0,2
BRDA:54,11,0,1
BRDA:54,12,0,0
BRDA:57,13,0,1
BRDA:58,14,0,0
BRDA:58,15,0,18
BRDA:61,16,0,9
BRDA:63,17,0,1
BRDA:64,18,0,8
BRDA:67,19,0,0
BRDA:67,20,0,8
BRDA:73,21,0,3
BRDA:74,22,0,1
BRDA:80,23,0,2
BRDA:83,24,0,1
BRDA:86,25,0,1
BRF:26
BRH:21
end_of_record
TN:
SF:src/app/services/SessionService.js
FN:1,Object.<anonymous>
FN:2,_interopRequireDefault
FN:22,authenticate
FNF:3
FNH:3
FNDA:1,Object.<anonymous>
FNDA:4,_interopRequireDefault
FNDA:30,authenticate
DA:1,1
DA:2,1
DA:3,4
DA:4,4
DA:5,1
DA:6,1
DA:7,1
DA:8,1
DA:9,1
DA:10,1
DA:11,1
DA:12,1
DA:13,1
DA:14,1
DA:15,1
DA:16,1
DA:17,1
DA:18,1
DA:19,1
DA:20,1
DA:21,1
DA:22,1
DA:23,30
DA:24,30
DA:25,30
DA:26,30
DA:27,0
DA:28,0
DA:29,0
DA:30,0
DA:31,0
DA:32,30
LF:32
LH:27
BRDA:1,0,0,1
BRDA:1,1,0,1
BRDA:2,2,0,4
BRDA:4,3,0,3
BRDA:4,4,0,1
BRDA:22,5,0,30
BRDA:25,6,0,10
BRDA:26,7,0,0
BRDA:32,8,0,10
BRF:9
BRH:8
end_of_record
TN:
SF:src/app/services/UserService.js
FN:1,Object.<anonymous>
FN:2,_interopRequireDefault
FN:12,UserService
FN:12,store
FNF:4
FNH:4
FNDA:1,Object.<anonymous>
FNDA:2,_interopRequireDefault
FNDA:1,UserService
FNDA:30,store
DA:1,1
DA:2,1
DA:3,2
DA:4,2
DA:5,2
DA:6,1
DA:7,1
DA:8,1
DA:9,1
DA:10,1
DA:11,1
DA:12,1
DA:13,30
DA:14,30
DA:15,30
DA:16,30
DA:17,30
DA:18,10
DA:19,10
DA:20,10
DA:21,30
LF:21
LH:21
BRDA:1,0,0,1
BRDA:1,1,0,1
BRDA:2,2,0,2
BRDA:6,3,0,0
BRDA:12,4,0,1
BRDA:12,5,0,30
BRDA:17,6,0,10
BRDA:21,7,0,0
BRF:8
BRH:6
end_of_record
TN:
SF:src/app/validators/CustomerFavoriteProductValidator.js
FN:1,Object.<anonymous>
FN:3,_interopRequireDefault
FN:24,store
FNF:3
FNH:2
FNDA:1,Object.<anonymous>
FNDA:3,_interopRequireDefault
FNDA:0,store
DA:1,1
DA:2,1
DA:3,1
DA:4,3
DA:5,3
DA:6,1
DA:7,1
DA:8,1
DA:9,1
DA:10,1
DA:11,1
DA:12,1
DA:13,1
DA:14,1
DA:15,1
DA:16,1
DA:17,1
DA:18,1
DA:19,1
DA:20,1
DA:21,1
DA:22,1
DA:23,1
DA:24,0
DA:25,0
DA:26,0
DA:27,0
DA:28,0
DA:29,0
DA:30,0
DA:31,0
DA:32,0
DA:33,0
DA:34,0
DA:35,0
DA:36,0
DA:37,0
DA:38,0
LF:38
LH:23
BRDA:1,0,0,1
BRDA:1,1,0,1
BRDA:3,2,0,3
BRDA:5,3,0,1
BRDA:7,4,0,2
BRDA:24,5,0,0
BRF:6
BRH:5
end_of_record
TN:
SF:src/app/validators/CustomerValidator.js
FN:1,Object.<anonymous>
FN:3,_interopRequireDefault
FN:23,CustomerValidator
FN:24,index
FN:39,store
FN:53,update
FNF:6
FNH:6
FNDA:1,Object.<anonymous>
FNDA:3,_interopRequireDefault
FNDA:1,CustomerValidator
FNDA:2,index
FNDA:9,store
FNDA:3,update
DA:1,1
DA:2,1
DA:3,1
DA:4,3
DA:5,3
DA:6,1
DA:7,1
DA:8,1
DA:9,1
DA:10,1
DA:11,1
DA:12,1
DA:13,1
DA:14,1
DA:15,1
DA:16,1
DA:17,1
DA:18,1
DA:19,1
DA:20,1
DA:21,1
DA:22,1
DA:23,1
DA:24,1
DA:25,2
DA:26,2
DA:27,2
DA:28,2
DA:29,2
DA:30,2
DA:31,2
DA:32,0
DA:33,0
DA:34,0
DA:35,0
DA:36,0
DA:37,0
DA:38,2
DA:39,1
DA:40,9
DA:41,9
DA:42,9
DA:43,9
DA:44,9
DA:45,9
DA:46,9
DA:47,0
DA:48,0
DA:49,0
DA:50,0
DA:51,0
DA:52,0
DA:53,1
DA:54,3
DA:55,3
DA:56,3
DA:57,3
DA:58,3
DA:59,3
DA:60,3
DA:61,3
DA:62,3
DA:63,3
DA:64,3
DA:65,3
DA:66,3
LF:66
LH:54
BRDA:1,0,0,1
BRDA:1,1,0,1
BRDA:3,2,0,3
BRDA:5,3,0,1
BRDA:7,4,0,2
BRDA:23,5,0,1
BRDA:24,6,0,2
BRDA:31,7,0,0
BRDA:39,8,0,9
BRDA:46,9,0,0
BRDA:53,10,0,3
BRF:11
BRH:9
end_of_record
TN:
SF:src/app/validators/SessionValidator.js
FN:1,Object.<anonymous>
FN:4,_interopRequireDefault
FN:14,SessionValidator
FN:14,store
FNF:4
FNH:4
FNDA:1,Object.<anonymous>
FNDA:2,_interopRequireDefault
FNDA:1,SessionValidator
FNDA:10,store
DA:1,1
DA:2,1
DA:3,1
DA:4,1
DA:5,2
DA:6,2
DA:7,1
DA:8,1
DA:9,1
DA:10,1
DA:11,1
DA:12,1
DA:13,1
DA:14,1
DA:15,10
DA:16,10
DA:17,10
DA:18,10
DA:19,10
DA:20,10
DA:21,10
LF:21
LH:21
BRDA:1,0,0,1
BRDA:1,1,0,1
BRDA:4,2,0,2
BRDA:6,3,0,1
BRDA:6,4,0,1
BRDA:14,5,0,1
BRDA:14,6,0,10
BRF:7
BRH:7
end_of_record
TN:
SF:src/app/validators/UserValidator.js
FN:1,Object.<anonymous>
FN:4,_interopRequireDefault
FN:11,UserValidator
FN:14,store
FNF:4
FNH:4
FNDA:1,Object.<anonymous>
FNDA:2,_interopRequireDefault
FNDA:1,UserValidator
FNDA:10,store
DA:1,1
DA:2,1
DA:3,1
DA:4,1
DA:5,2
DA:6,2
DA:7,1
DA:8,1
DA:9,1
DA:10,1
DA:11,1
DA:12,1
DA:13,1
DA:14,1
DA:15,10
DA:16,10
DA:17,10
DA:18,10
DA:19,10
DA:20,10
DA:21,10
LF:21
LH:21
BRDA:1,0,0,1
BRDA:1,1,0,1
BRDA:4,2,0,2
BRDA:6,3,0,1
BRDA:6,4,0,1
BRDA:11,5,0,1
BRDA:14,6,0,10
BRF:7
BRH:7
end_of_record
